{"level":"\u001b[32minfo\u001b[39m","message":"hello world","timestamp":"2024-10-11T17:04:53.755Z"}
{"level":"\u001b[33mwarn\u001b[39m","message":"hello world","timestamp":"2024-10-11T17:04:53.758Z"}
{"level":"\u001b[31merror\u001b[39m","message":"hello world","timestamp":"2024-10-11T17:04:53.759Z"}
{"level":"\u001b[32minfo\u001b[39m","message":"{\"method\":\"POST\",\"url\":\"/api/auth/login\",\"status\":\"200\",\"responseTime\":\"5887.889\"}","timestamp":"2024-10-11T17:04:59.643Z"}
{"level":"\u001b[32minfo\u001b[39m","message":"hello world","timestamp":"2024-10-11T17:05:07.817Z"}
{"level":"\u001b[33mwarn\u001b[39m","message":"hello world","timestamp":"2024-10-11T17:05:07.819Z"}
{"level":"\u001b[31merror\u001b[39m","message":"hello world","timestamp":"2024-10-11T17:05:07.820Z"}
{"level":"\u001b[32minfo\u001b[39m","message":"{\"method\":\"POST\",\"url\":\"/api/auth/login\",\"status\":\"200\",\"responseTime\":\"415.485\"}","timestamp":"2024-10-11T17:05:08.232Z"}
{"level":"\u001b[32minfo\u001b[39m","message":"{\"method\":\"POST\",\"url\":\"/api/event\",\"status\":\"200\",\"responseTime\":\"7101.549\"}","timestamp":"2024-10-12T03:08:10.921Z"}
{"level":"\u001b[32minfo\u001b[39m","message":"{\"method\":\"POST\",\"url\":\"/api/event\",\"status\":\"200\",\"responseTime\":\"7304.215\"}","timestamp":"2024-10-12T03:08:44.475Z"}
{"level":"\u001b[32minfo\u001b[39m","message":"{\"method\":\"GET\",\"url\":\"/api/event/3\",\"status\":\"404\",\"responseTime\":\"1062.243\"}","timestamp":"2024-10-12T03:09:04.168Z"}
{"level":"\u001b[32minfo\u001b[39m","message":"{\"method\":\"GET\",\"url\":\"/api/event\",\"status\":\"200\",\"responseTime\":\"528.607\"}","timestamp":"2024-10-12T03:09:11.181Z"}
{"level":"\u001b[32minfo\u001b[39m","message":"{\"method\":\"GET\",\"url\":\"/api/bookings\",\"status\":\"404\",\"responseTime\":\"4.774\"}","timestamp":"2024-10-12T16:56:39.449Z"}
{"level":"\u001b[32minfo\u001b[39m","message":"{\"method\":\"GET\",\"url\":\"/api/booking\",\"status\":\"404\",\"responseTime\":\"2.033\"}","timestamp":"2024-10-12T16:56:44.485Z"}
{"level":"\u001b[32minfo\u001b[39m","message":"{\"method\":\"GET\",\"url\":\"/api/booking\",\"status\":\"200\",\"responseTime\":\"2840.522\"}","timestamp":"2024-10-12T16:57:40.760Z"}
{"level":"\u001b[32minfo\u001b[39m","message":"{\"method\":\"POST\",\"url\":\"/api/booking\",\"status\":\"500\",\"responseTime\":\"2425.753\"}","timestamp":"2024-10-12T17:01:07.333Z"}
{"level":"\u001b[32minfo\u001b[39m","message":"{\"method\":\"GET\",\"url\":\"/api/event\",\"status\":\"200\",\"responseTime\":\"784.174\"}","timestamp":"2024-10-12T17:01:38.350Z"}
{"level":"\u001b[32minfo\u001b[39m","message":"{\"method\":\"POST\",\"url\":\"/api/booking\",\"status\":\"500\",\"responseTime\":\"3250.602\"}","timestamp":"2024-10-12T17:04:13.611Z"}
{"level":"\u001b[32minfo\u001b[39m","message":"{\"method\":\"POST\",\"url\":\"/api/booking\",\"status\":\"404\",\"responseTime\":\"2.170\"}","timestamp":"2024-10-12T17:05:10.177Z"}
{"level":"\u001b[32minfo\u001b[39m","message":"{\"method\":\"POST\",\"url\":\"/api/auth/login\",\"status\":\"200\",\"responseTime\":\"2394.984\"}","timestamp":"2024-10-12T17:05:54.635Z"}
{"level":"\u001b[32minfo\u001b[39m","message":"{\"method\":\"POST\",\"url\":\"/api/booking\",\"status\":\"500\",\"responseTime\":\"525.581\"}","timestamp":"2024-10-12T17:06:02.528Z"}
{"level":"\u001b[32minfo\u001b[39m","message":"{\"method\":\"POST\",\"url\":\"/api/booking\",\"status\":\"500\",\"responseTime\":\"503.756\"}","timestamp":"2024-10-12T17:07:16.508Z"}
{"level":"\u001b[32minfo\u001b[39m","message":"{\"method\":\"POST\",\"url\":\"/api/booking\",\"status\":\"500\",\"responseTime\":\"2438.189\"}","timestamp":"2024-10-12T17:09:54.415Z"}
